[    0.000000] Initializing cgroup subsys cpuset
[    0.000000] Initializing cgroup subsys cpu
[    0.000000] Initializing cgroup subsys cpuacct
[    0.000000] Linux version 4.4.0-138-generic (buildd@lcy01-amd64-006) (gcc version 5.4.0 20160609 (Ubuntu 5.4.0-6ubuntu1~16.04.10) ) #164-Ubuntu SMP Tue Oct 2 17:16:02 UTC 2018 (Ubuntu 4.4.0-138.164-generic 4.4.155)
[    0.000000] Command line: BOOT_IMAGE=/boot/vmlinuz-4.4.0-138-generic root=UUID=0c9057f0-d554-45cb-b892-2d5a78c729d0 ro console=tty1 console=ttyS0
[    0.000000] KERNEL supported cpus:
[    0.000000]   Intel GenuineIntel
[    0.000000]   AMD AuthenticAMD
[    0.000000]   Centaur CentaurHauls
[    0.000000] ------------[ cut here ]------------
[    0.000000] WARNING: CPU: 0 PID: 0 at /build/linux-zdslHp/linux-4.4.0/arch/x86/kernel/fpu/xstate.c:517 fpu__init_system_xstate+0x37e/0x764()
[    0.000000] XSAVE consistency problem, dumping leaves
[    0.000000] Modules linked in:
[    0.000000] CPU: 0 PID: 0 Comm: swapper Not tainted 4.4.0-138-generic #164-Ubuntu
[    0.000000]  0000000000000086 f9a49dbb0aabec39 ffffffff81e03d70 ffffffff81404fe3
[    0.000000]  ffffffff81e03db8 ffffffff81cad6b0 ffffffff81e03da8 ffffffff81085082
[    0.000000]  0000000000000008 0000000000000340 0000000000000100 ffffffff81e03e3c
[    0.000000] Call Trace:
[    0.000000]  [<ffffffff81404fe3>] dump_stack+0x63/0x90
[    0.000000]  [<ffffffff81085082>] warn_slowpath_common+0x82/0xc0
[    0.000000]  [<ffffffff8108511c>] warn_slowpath_fmt+0x5c/0x80
[    0.000000]  [<ffffffff81080be4>] ? xfeature_size+0x59/0x77
[    0.000000]  [<ffffffff81f731e3>] fpu__init_system_xstate+0x37e/0x764
[    0.000000]  [<ffffffff81f63120>] ? early_idt_handler_array+0x120/0x120
[    0.000000]  [<ffffffff81f72bec>] fpu__init_system+0x1e7/0x28e
[    0.000000]  [<ffffffff81f73db1>] early_cpu_init+0x1fb/0x201
[    0.000000]  [<ffffffff81f73db1>] ? early_cpu_init+0x1fb/0x201
[    0.000000]  [<ffffffff81f6f19b>] setup_arch+0xc0/0xd1f
[    0.000000]  [<ffffffff81f63120>] ? early_idt_handler_array+0x120/0x120
[    0.000000]  [<ffffffff81f63c75>] start_kernel+0xe2/0x4a4
[    0.000000]  [<ffffffff81f63120>] ? early_idt_handler_array+0x120/0x120
[    0.000000]  [<ffffffff81f63339>] x86_64_start_reservations+0x2a/0x2c
[    0.000000]  [<ffffffff81f63485>] x86_64_start_kernel+0x14a/0x16d
[    0.000000] ---[ end trace 4d5ff9f2f68c4233 ]---
[    0.000000] CPUID[0d, 00]: eax=00000007 ebx=00000440 ecx=00000440 edx=00000000
[    0.000000] CPUID[0d, 01]: eax=00000000 ebx=000003c0 ecx=00000000 edx=00000000
[    0.000000] CPUID[0d, 02]: eax=00000100 ebx=00000240 ecx=00000000 edx=00000000
[    0.000000] CPUID[0d, 03]: eax=00000000 ebx=00000000 ecx=00000000 edx=00000000
[    0.000000] CPUID[0d, 04]: eax=00000000 ebx=00000000 ecx=00000000 edx=00000000
[    0.000000] CPUID[0d, 05]: eax=00000000 ebx=00000000 ecx=00000000 edx=00000000
[    0.000000] CPUID[0d, 06]: eax=00000000 ebx=00000000 ecx=00000000 edx=00000000
[    0.000000] CPUID[0d, 07]: eax=00000000 ebx=00000000 ecx=00000000 edx=00000000
[    0.000000] CPUID[0d, 08]: eax=00000000 ebx=00000000 ecx=00000000 edx=00000000
[    0.000000] CPUID[0d, 09]: eax=00000000 ebx=00000000 ecx=00000000 edx=00000000
[    0.000000] CPUID[0d, 0a]: eax=00000000 ebx=00000000 ecx=00000000 edx=00000000
[    0.000000] CPUID[0d, 0b]: eax=00000000 ebx=00000000 ecx=00000000 edx=00000000
[    0.000000] CPUID[0d, 0c]: eax=00000000 ebx=00000000 ecx=00000000 edx=00000000
[    0.000000] CPUID[0d, 0d]: eax=00000000 ebx=00000000 ecx=00000000 edx=00000000
[    0.000000] CPUID[0d, 0e]: eax=00000000 ebx=00000000 ecx=00000000 edx=00000000
[    0.000000] CPUID[0d, 0f]: eax=00000000 ebx=00000000 ecx=00000000 edx=00000000
[    0.000000] CPUID[0d, 10]: eax=00000000 ebx=00000000 ecx=00000000 edx=00000000
[    0.000000] CPUID[0d, 11]: eax=00000000 ebx=00000000 ecx=00000000 edx=00000000
[    0.000000] x86/fpu: xstate_offset[2]:  576, xstate_sizes[2]:  256
[    0.000000] x86/fpu: Supporting XSAVE feature 0x01: 'x87 floating point registers'
[    0.000000] x86/fpu: Supporting XSAVE feature 0x02: 'SSE registers'
[    0.000000] x86/fpu: Supporting XSAVE feature 0x04: 'AVX registers'
[    0.000000] x86/fpu: Enabled xstate features 0x7, context size is 1088 bytes, using 'standard' format.
[    0.000000] e820: BIOS-provided physical RAM map:
[    0.000000] BIOS-e820: [mem 0x0000000000000000-0x000000000009fbff] usable
[    0.000000] BIOS-e820: [mem 0x000000000009fc00-0x000000000009ffff] reserved
[    0.000000] BIOS-e820: [mem 0x00000000000f0000-0x00000000000fffff] reserved
[    0.000000] BIOS-e820: [mem 0x0000000000100000-0x000000001ffeffff] usable
[    0.000000] BIOS-e820: [mem 0x000000001fff0000-0x000000001fffffff] ACPI data
[    0.000000] BIOS-e820: [mem 0x00000000fec00000-0x00000000fec00fff] reserved
[    0.000000] BIOS-e820: [mem 0x00000000fee00000-0x00000000fee00fff] reserved
[    0.000000] BIOS-e820: [mem 0x00000000fffc0000-0x00000000ffffffff] reserved
[    0.000000] NX (Execute Disable) protection: active
[    0.000000] SMBIOS 2.5 present.
[    0.000000] Hypervisor detected: KVM
[    0.000000] e820: last_pfn = 0x1fff0 max_arch_pfn = 0x400000000
[    0.000000] MTRR: Disabled
[    0.000000] x86/PAT: MTRRs disabled, skipping PAT initialization too.
[    0.000000] CPU MTRRs all blank - virtualized system.
[    0.000000] x86/PAT: Configuration [0-7]: WB  WT  UC- UC  WB  WT  UC- UC  
[    0.000000] found SMP MP-table at [mem 0x0009fff0-0x0009ffff] mapped at [ffff88000009fff0]
[    0.000000] Scanning 1 areas for low memory corruption
[    0.000000] RAMDISK: [mem 0x1e7ec000-0x1f6e9fff]
[    0.000000] ACPI: Early table checksum verification disabled
[    0.000000] ACPI: RSDP 0x00000000000E0000 000024 (v02 VBOX  )
[    0.000000] ACPI: XSDT 0x000000001FFF0030 00003C (v01 VBOX   VBOXXSDT 00000001 ASL  00000061)
[    0.000000] ACPI: FACP 0x000000001FFF00F0 0000F4 (v04 VBOX   VBOXFACP 00000001 ASL  00000061)
[    0.000000] ACPI: DSDT 0x000000001FFF0470 0021FF (v02 VBOX   VBOXBIOS 00000002 INTL 20160108)
[    0.000000] ACPI: FACS 0x000000001FFF0200 000040
[    0.000000] ACPI: FACS 0x000000001FFF0200 000040
[    0.000000] ACPI: APIC 0x000000001FFF0240 00005C (v02 VBOX   VBOXAPIC 00000001 ASL  00000061)
[    0.000000] ACPI: SSDT 0x000000001FFF02A0 0001CC (v01 VBOX   VBOXCPUT 00000002 INTL 20160108)
[    0.000000] No NUMA configuration found
[    0.000000] Faking a node at [mem 0x0000000000000000-0x000000001ffeffff]
[    0.000000] NODE_DATA(0) allocated [mem 0x1ffeb000-0x1ffeffff]
[    0.000000] kvm-clock: Using msrs 4b564d01 and 4b564d00
[    0.000000] kvm-clock: cpu 0, msr 0:1ffe3001, primary cpu clock
[    0.000000] kvm-clock: using sched offset of 4037735527 cycles
[    0.000000] clocksource: kvm-clock: mask: 0xffffffffffffffff max_cycles: 0x1cd42e4dffb, max_idle_ns: 881590591483 ns
[    0.000000] Zone ranges:
[    0.000000]   DMA      [mem 0x0000000000001000-0x0000000000ffffff]
[    0.000000]   DMA32    [mem 0x0000000001000000-0x000000001ffeffff]
[    0.000000]   Normal   empty
[    0.000000]   Device   empty
[    0.000000] Movable zone start for each node
[    0.000000] Early memory node ranges
[    0.000000]   node   0: [mem 0x0000000000001000-0x000000000009efff]
[    0.000000]   node   0: [mem 0x0000000000100000-0x000000001ffeffff]
[    0.000000] Initmem setup node 0 [mem 0x0000000000001000-0x000000001ffeffff]
[    0.000000] ACPI: PM-Timer IO Port: 0x4008
[    0.000000] IOAPIC[0]: apic_id 2, version 32, address 0xfec00000, GSI 0-23
[    0.000000] ACPI: INT_SRC_OVR (bus 0 bus_irq 0 global_irq 2 dfl dfl)
[    0.000000] ACPI: INT_SRC_OVR (bus 0 bus_irq 9 global_irq 9 high level)
[    0.000000] Using ACPI (MADT) for SMP configuration information
[    0.000000] smpboot: Allowing 2 CPUs, 0 hotplug CPUs
[    0.000000] PM: Registered nosave memory: [mem 0x00000000-0x00000fff]
[    0.000000] PM: Registered nosave memory: [mem 0x0009f000-0x0009ffff]
[    0.000000] PM: Registered nosave memory: [mem 0x000a0000-0x000effff]
[    0.000000] PM: Registered nosave memory: [mem 0x000f0000-0x000fffff]
[    0.000000] e820: [mem 0x20000000-0xfebfffff] available for PCI devices
[    0.000000] Booting paravirtualized kernel on KVM
[    0.000000] clocksource: refined-jiffies: mask: 0xffffffff max_cycles: 0xffffffff, max_idle_ns: 7645519600211568 ns
[    0.000000] setup_percpu: NR_CPUS:512 nr_cpumask_bits:512 nr_cpu_ids:2 nr_node_ids:1
[    0.000000] PERCPU: Embedded 34 pages/cpu @ffff88001fc00000 s99608 r8192 d31464 u1048576
[    0.000000] PV qspinlock hash table entries: 256 (order: 0, 4096 bytes)
[    0.000000] Built 1 zonelists in Node order, mobility grouping on.  Total pages: 128888
[    0.000000] Policy zone: DMA32
[    0.000000] Kernel command line: BOOT_IMAGE=/boot/vmlinuz-4.4.0-138-generic root=UUID=0c9057f0-d554-45cb-b892-2d5a78c729d0 ro console=tty1 console=ttyS0
[    0.000000] PID hash table entries: 2048 (order: 2, 16384 bytes)
[    0.000000] Memory: 481072K/523832K available (8563K kernel code, 1314K rwdata, 4004K rodata, 1528K init, 1316K bss, 42760K reserved, 0K cma-reserved)
[    0.000000] SLUB: HWalign=64, Order=0-3, MinObjects=0, CPUs=2, Nodes=1
[    0.000000] Kernel/User page tables isolation: enabled
[    0.000000] Hierarchical RCU implementation.
[    0.000000] 	Build-time adjustment of leaf fanout to 64.
[    0.000000] 	RCU restricting CPUs from NR_CPUS=512 to nr_cpu_ids=2.
[    0.000000] RCU: Adjusting geometry for rcu_fanout_leaf=64, nr_cpu_ids=2
[    0.000000] NR_IRQS:33024 nr_irqs:440 16
[    0.000000] Console: colour VGA+ 80x25
[    0.000000] console [tty1] enabled
[    0.000000] console [ttyS0] enabled
[    0.000000] tsc: Detected 2399.998 MHz processor
[    2.689518] Calibrating delay loop (skipped) preset value.. 4799.99 BogoMIPS (lpj=9599992)
[    2.722562] pid_max: default: 32768 minimum: 301
[    2.762031] ACPI: Core revision 20150930
[    2.763951] ACPI: 2 ACPI AML tables successfully acquired and loaded
[    2.766540] Security Framework initialized
[    2.820636] Yama: becoming mindful.
[    2.872608] AppArmor: AppArmor initialized
[    2.898433] Dentry cache hash table entries: 65536 (order: 7, 524288 bytes)
[    2.915693] Inode-cache hash table entries: 32768 (order: 6, 262144 bytes)
[    2.939152] Mount-cache hash table entries: 1024 (order: 1, 8192 bytes)
[    2.940620] Mountpoint-cache hash table entries: 1024 (order: 1, 8192 bytes)
[    2.942343] Initializing cgroup subsys io
[    2.943252] Initializing cgroup subsys memory
[    2.997503] Initializing cgroup subsys devices
[    3.003730] Initializing cgroup subsys freezer
[    3.004674] Initializing cgroup subsys net_cls
[    3.072043] Initializing cgroup subsys perf_event
[    3.073004] Initializing cgroup subsys net_prio
[    3.073911] Initializing cgroup subsys hugetlb
[    3.105512] Initializing cgroup subsys pids
[    3.107582] mce: CPU supports 0 MCE banks
[    3.108481] Last level iTLB entries: 4KB 64, 2MB 8, 4MB 8
[    3.109507] Last level dTLB entries: 4KB 64, 2MB 0, 4MB 0, 1GB 4
[    3.110801] Spectre V2 : Mitigation: Full generic retpoline
[    3.154298] Spectre V2 : Spectre v2 mitigation: Speculation control IBPB not-supported IBRS not-supported
[    3.240388] Spectre V2 : Spectre v2 / SpectreRSB mitigation: Filling RSB on context switch
[    3.253060] Speculative Store Bypass: Vulnerable
[    3.285097] Freeing SMP alternatives memory: 32K
[    3.354665] ftrace: allocating 32278 entries in 127 pages
[    3.463773] smpboot: APIC(0) Converting physical 0 to logical package 0
[    3.482970] smpboot: Max logical packages: 1
[    3.546334] x2apic enabled
[    3.558831] Switched APIC routing to physical x2apic.
[    3.606000] ..TIMER: vector=0x30 apic1=0 pin1=2 apic2=-1 pin2=-1
[    3.800245] smpboot: CPU0: Intel(R) Core(TM) i5-6200U CPU @ 2.30GHz (family: 0x6, model: 0x4e, stepping: 0x3)
[    3.908704] Performance Events: unsupported p6 CPU model 78 no PMU driver, software events only.
[    3.962191] KVM setup paravirtual spinlock
[    3.990375] x86: Booting SMP configuration:
[    4.072647] .... node  #0, CPUs:      #1
[    4.122541] kvm-clock: cpu 1, msr 0:1ffe3041, secondary cpu clock
[    4.173719] mce: CPU supports 0 MCE banks
[    4.184457] x86: Booted up 1 node, 2 CPUs
[    4.245493] smpboot: Total of 2 processors activated (9599.99 BogoMIPS)
[    4.262730] devtmpfs: initialized
[    4.279848] evm: security.selinux
[    4.280527] evm: security.SMACK64
[    4.281210] evm: security.SMACK64EXEC
[    4.281911] evm: security.SMACK64TRANSMUTE
[    4.282670] evm: security.SMACK64MMAP
[    4.283403] evm: security.ima
[    4.324276] evm: security.capability
[    4.329562] clocksource: jiffies: mask: 0xffffffff max_cycles: 0xffffffff, max_idle_ns: 7645041785100000 ns
[    4.331251] futex hash table entries: 512 (order: 3, 32768 bytes)
[    4.364516] pinctrl core: initialized pinctrl subsystem
[    4.378993] RTC time:  4:38:46, date: 11/12/18
[    4.379968] NET: Registered protocol family 16
[    4.389001] cpuidle: using governor ladder
[    4.425831] cpuidle: using governor menu
[    4.454570] PCCT header not found.
[    4.455409] ACPI: bus type PCI registered
[    4.506818] acpiphp: ACPI Hot Plug PCI Controller Driver version: 0.5
[    4.569897] PCI: Using configuration type 1 for base access
[    4.593520] ACPI: Added _OSI(Module Device)
[    4.603412] ACPI: Added _OSI(Processor Device)
[    4.604559] ACPI: Added _OSI(3.0 _SCP Extensions)
[    4.661961] ACPI: Added _OSI(Processor Aggregator Device)
[    4.671626] ACPI: Executed 1 blocks of module-level executable AML code
[    4.778760] ACPI: Interpreter enabled
[    4.798656] ACPI: (supports S0 S5)
[    4.799425] ACPI: Using IOAPIC for interrupt routing
[    4.800774] PCI: Using host bridge windows from ACPI; if necessary, use "pci=nocrs" and report a bug
[    4.911641] ACPI: PCI Root Bridge [PCI0] (domain 0000 [bus 00-ff])
[    4.974096] acpi PNP0A03:00: _OSC: OS supports [ASPM ClockPM Segments MSI]
[    4.997571] acpi PNP0A03:00: _OSC: not requesting OS control; OS requires [ExtendedConfig ASPM ClockPM MSI]
[    5.012898] acpi PNP0A03:00: fail to add MMCONFIG information, can't access extended PCI configuration space under this bridge.
[    5.020374] PCI host bridge to bus 0000:00
[    5.077256] pci_bus 0000:00: root bus resource [io  0x0000-0x0cf7 window]
[    5.156130] pci_bus 0000:00: root bus resource [io  0x0d00-0xffff window]
[    5.227686] pci_bus 0000:00: root bus resource [mem 0x000a0000-0x000bffff window]
[    5.257730] pci_bus 0000:00: root bus resource [mem 0x20000000-0xffdfffff window]
[    5.303891] pci_bus 0000:00: root bus resource [bus 00-ff]
[    5.306509] pci 0000:00:01.1: legacy IDE quirk: reg 0x10: [io  0x01f0-0x01f7]
[    5.370937] pci 0000:00:01.1: legacy IDE quirk: reg 0x14: [io  0x03f6]
[    5.387519] pci 0000:00:01.1: legacy IDE quirk: reg 0x18: [io  0x0170-0x0177]
[    5.389074] pci 0000:00:01.1: legacy IDE quirk: reg 0x1c: [io  0x0376]
[    5.404417] pci 0000:00:07.0: quirk: [io  0x4000-0x403f] claimed by PIIX4 ACPI
[    5.435991] pci 0000:00:07.0: quirk: [io  0x4100-0x410f] claimed by PIIX4 SMB
[    5.460791] ACPI: PCI Interrupt Link [LNKA] (IRQs 5 9 10 *11)
[    5.486337] ACPI: PCI Interrupt Link [LNKB] (IRQs 5 9 10 *11)
[    5.509423] ACPI: PCI Interrupt Link [LNKC] (IRQs 5 9 *10 11)
[    5.537324] ACPI: PCI Interrupt Link [LNKD] (IRQs 5 *9 10 11)
[    5.553324] ACPI: Enabled 2 GPEs in block 00 to 07
[    5.586766] vgaarb: setting as boot device: PCI:0000:00:02.0
[    5.605832] vgaarb: device added: PCI:0000:00:02.0,decodes=io+mem,owns=io+mem,locks=none
[    5.607826] vgaarb: loaded
[    5.625788] vgaarb: bridge control possible 0000:00:02.0
[    5.627053] SCSI subsystem initialized
[    5.628033] ACPI: bus type USB registered
[    5.628890] usbcore: registered new interface driver usbfs
[    5.629985] usbcore: registered new interface driver hub
[    5.694581] usbcore: registered new device driver usb
[    5.715478] PCI: Using ACPI for IRQ routing
[    5.722333] NetLabel: Initializing
[    5.723205] NetLabel:  domain hash size = 128
[    5.724317] NetLabel:  protocols = UNLABELED CIPSOv4
[    5.725591] NetLabel:  unlabeled traffic allowed by default
[    5.728098] amd_nb: Cannot enumerate AMD northbridges
[    5.755941] clocksource: Switched to clocksource kvm-clock
[    5.850690] AppArmor: AppArmor Filesystem Enabled
[    5.862187] pnp: PnP ACPI init
[    5.863525] pnp: PnP ACPI: found 3 devices
[    5.938046] clocksource: acpi_pm: mask: 0xffffff max_cycles: 0xffffff, max_idle_ns: 2085701024 ns
[    6.038746] NET: Registered protocol family 2
[    6.040133] TCP established hash table entries: 4096 (order: 3, 32768 bytes)
[    6.046671] TCP bind hash table entries: 4096 (order: 4, 65536 bytes)
[    6.121527] TCP: Hash tables configured (established 4096 bind 4096)
[    6.167053] UDP hash table entries: 256 (order: 1, 8192 bytes)
[    6.206421] UDP-Lite hash table entries: 256 (order: 1, 8192 bytes)
[    6.286765] NET: Registered protocol family 1
[    6.357906] pci 0000:00:00.0: Limiting direct PCI/PCI transfers
[    6.369567] pci 0000:00:01.0: Activating ISA DMA hang workarounds
[    6.371299] Unpacking initramfs...
[    6.647023] Freeing initrd memory: 15352K
[    6.697026] platform rtc_cmos: registered platform RTC device (no PNP device found)
[    6.705052] Scanning for low memory corruption every 60 seconds
[    6.754635] audit: initializing netlink subsys (disabled)
[    6.755939] audit: type=2000 audit(1541997528.778:1): initialized
[    6.757696] Initialise system trusted keyring
[    6.758975] HugeTLB registered 2 MB page size, pre-allocated 0 pages
[    6.791591] zbud: loaded
[    6.826524] VFS: Disk quotas dquot_6.6.0
[    6.830494] VFS: Dquot-cache hash table entries: 512 (order 0, 4096 bytes)
[    6.837115] squashfs: version 4.0 (2009/01/31) Phillip Lougher
[    6.846723] fuse init (API version 7.23)
[    6.850162] Key type big_key registered
[    6.854199] Allocating IMA MOK and blacklist keyrings.
[    6.856549] Key type asymmetric registered
[    6.866430] Asymmetric key parser 'x509' registered
[    6.886139] Block layer SCSI generic (bsg) driver version 0.4 loaded (major 249)
[    6.986681] io scheduler noop registered
[    7.026094] io scheduler deadline registered (default)
[    7.037875] io scheduler cfq registered
[    7.106154] pci_hotplug: PCI Hot Plug PCI Core version: 0.5
[    7.126486] pciehp: PCI Express Hot Plug Controller Driver version: 0.4
[    7.186259] ACPI: AC Adapter [AC] (on-line)
[    7.216222] input: Power Button as /devices/LNXSYSTM:00/LNXPWRBN:00/input/input0
[    7.224991] ACPI: Power Button [PWRF]
[    7.356120] input: Sleep Button as /devices/LNXSYSTM:00/LNXSLPBN:00/input/input1
[    7.376789] ACPI: Sleep Button [SLPF]
[    7.436699] ACPI: Battery Slot [BAT0] (battery present)
[    7.444445] GHES: HEST is not enabled!
[    7.452678] Serial: 8250/16550 driver, 32 ports, IRQ sharing enabled
[    7.498132] 00:02: ttyS0 at I/O 0x3f8 (irq = 4, base_baud = 115200) is a 16550A
[    7.588561] Linux agpgart interface v0.103
[    7.647711] loop: module loaded
[    7.670287] scsi host0: ata_piix
[    7.712397] tsc: Refined TSC clocksource calibration: 2399.058 MHz
[    7.720105] scsi host1: ata_piix
[    7.720150] ata1: PATA max UDMA/33 cmd 0x1f0 ctl 0x3f6 bmdma 0xd000 irq 14
[    7.720151] ata2: PATA max UDMA/33 cmd 0x170 ctl 0x376 bmdma 0xd008 irq 15
[    7.720258] libphy: Fixed MDIO Bus: probed
[    7.720261] tun: Universal TUN/TAP device driver, 1.6
[    7.720261] tun: (C) 1999-2004 Max Krasnyansky <maxk@qualcomm.com>
[    7.720321] PPP generic driver version 2.4.2
[    7.720385] ehci_hcd: USB 2.0 'Enhanced' Host Controller (EHCI) Driver
[    7.720390] ehci-pci: EHCI PCI platform driver
[    7.720408] ehci-platform: EHCI generic platform driver
[    7.720418] ohci_hcd: USB 1.1 'Open' Host Controller (OHCI) Driver
[    7.720421] ohci-pci: OHCI PCI platform driver
[    7.720431] ohci-platform: OHCI generic platform driver
[    7.720441] uhci_hcd: USB Universal Host Controller Interface driver
[    7.720515] i8042: PNP: PS/2 Controller [PNP0303:PS2K,PNP0f03:PS2M] at 0x60,0x64 irq 1,12
[    7.730795] serio: i8042 KBD port at 0x60,0x64 irq 1
[    7.730802] serio: i8042 AUX port at 0x60,0x64 irq 12
[    7.730957] mousedev: PS/2 mouse device common for all mice
[    7.731253] rtc_cmos rtc_cmos: rtc core: registered rtc_cmos as rtc0
[    7.731327] rtc_cmos rtc_cmos: alarms up to one day, 114 bytes nvram
[    7.731333] i2c /dev entries driver
[    7.731390] device-mapper: uevent: version 1.0.3
[    7.731455] device-mapper: ioctl: 4.34.0-ioctl (2015-10-28) initialised: dm-devel@redhat.com
[    7.731478] ledtrig-cpu: registered to indicate activity on CPUs
[    7.731778] NET: Registered protocol family 10
[    7.731939] NET: Registered protocol family 17
[    7.731970] Key type dns_resolver registered
[    7.732203] registered taskstats version 1
[    7.732217] Loading compiled-in X.509 certificates
[    7.732857] Loaded X.509 cert 'Build time autogenerated kernel key: 9a104bc44b81e9426fe5c715e47d021d02d69eba'
[    7.732876] zswap: loaded using pool lzo/zbud
[    7.745883] Key type trusted registered
[    7.748558] Key type encrypted registered
[    7.748564] AppArmor: AppArmor sha1 policy hashing enabled
[    7.748567] ima: No TPM chip found, activating TPM-bypass!
[    7.748571] ima: Allocated hash algorithm: sha1
[    7.748585] evm: HMAC attrs: 0x1
[    7.748806]   Magic number: 10:933:615
[    7.748813] misc tun: hash matches
[    7.885269] rtc_cmos rtc_cmos: setting system clock to 2018-11-12 04:38:49 UTC (1541997529)
[    7.885470] BIOS EDD facility v0.16 2004-Jun-25, 0 devices found
[    7.885471] EDD information not available.
[    7.981336] input: AT Translated Set 2 keyboard as /devices/platform/i8042/serio0/input/input2
[    8.826779] clocksource: tsc: mask: 0xffffffffffffffff max_cycles: 0x2294bd88600, max_idle_ns: 440795294003 ns
[    8.831852] Freeing unused kernel memory: 1528K
[    8.856094] Write protecting the kernel read-only data: 14336k
[    8.886853] Freeing unused kernel memory: 1664K
[    8.916363] Freeing unused kernel memory: 92K
Loading, please [    8.941514] random: systemd-udevd: uninitialized urandom read (16 bytes read, 7 bits of entropy available)
wait...
starting version 229
[    8.942543] random: udevadm: uninitialized urandom read (16 bytes read, 7 bits of entropy available)
[    8.942568] random: udevadm: uninitialized urandom read (16 bytes read, 7 bits of entropy available)
[    8.954344] random: udevadm: uninitialized urandom read (16 bytes read, 7 bits of entropy available)
[    8.954407] random: udevadm: uninitialized urandom read (16 bytes read, 7 bits of entropy available)
[    8.954607] random: udevadm: uninitialized urandom read (16 bytes read, 7 bits of entropy available)
[    8.954675] random: udevadm: uninitialized urandom read (16 bytes read, 7 bits of entropy available)
[    8.954745] random: udevadm: uninitialized urandom read (16 bytes read, 7 bits of entropy available)
[    8.954812] random: udevadm: uninitialized urandom read (16 bytes read, 7 bits of entropy available)
[    8.954876] random: udevadm: uninitialized urandom read (16 bytes read, 7 bits of entropy available)
[    9.421895] Fusion MPT base driver 3.04.20
[    9.432238] Copyright (c) 1999-2008 LSI Corporation
[    9.441196] e1000: Intel(R) PRO/1000 Network Driver - version 7.3.21-k8-NAPI
[    9.451829] e1000: Copyright (c) 1999-2006 Intel Corporation.
[    9.491127] Fusion MPT SPI Host driver 3.04.20
[    9.509391] AVX version of gcm_enc/dec engaged.
[    9.541621] AES CTR mode by8 optimization enabled
[    9.671377] input: ImExPS/2 Generic Explorer Mouse as /devices/platform/i8042/serio1/input/input4
[    9.913692] e1000 0000:00:03.0 eth0: (PCI:33MHz:32-bit) 02:17:6d:c2:33:c4
[    9.937724] e1000 0000:00:03.0 eth0: Intel(R) PRO/1000 Network Connection
[    9.940111] mptbase: ioc0: Initiating bringup
[    9.966700] e1000 0000:00:03.0 enp0s3: renamed from eth0
[   10.028266] ioc0: LSI53C1030 A0: Capabilities={Initiator}
[   10.205549] scsi host2: ioc0: LSI53C1030 A0, FwRev=00000000h, Ports=1, MaxQ=256, IRQ=20
[   10.416427] scsi 2:0:0:0: Direct-Access     VBOX     HARDDISK         1.0  PQ: 0 ANSI: 5
[   10.423687] scsi target2:0:0: Beginning Domain Validation
[   10.442624] scsi target2:0:0: Domain Validation skipping write tests
[   10.508822] scsi target2:0:0: Ending Domain Validation
[   10.557241] scsi target2:0:0: asynchronous
[   10.575498] scsi 2:0:1:0: Direct-Access     VBOX     HARDDISK         1.0  PQ: 0 ANSI: 5
[   10.594711] scsi target2:0:1: Beginning Domain Validation
[   10.684950] scsi target2:0:1: Domain Validation skipping write tests
[   10.741389] scsi target2:0:1: Ending Domain Validation
[   10.796986] scsi target2:0:1: asynchronous
[   10.874258] sd 2:0:0:0: [sda] 20971520 512-byte logical blocks: (10.7 GB/10.0 GiB)
[   10.874341] sd 2:0:0:0: Attached scsi generic sg0 type 0
[   10.875035] sd 2:0:1:0: Attached scsi generic sg1 type 0
[   10.875365] sd 2:0:1:0: [sdb] 20480 512-byte logical blocks: (10.5 MB/10.0 MiB)
[   10.875505] sd 2:0:1:0: [sdb] Write Protect is off
[   10.875597] sd 2:0:1:0: [sdb] Incomplete mode parameter data
[   10.875599] sd 2:0:1:0: [sdb] Assuming drive cache: write through
[   10.922928] sd 2:0:1:0: [sdb] Attached SCSI disk
[   11.177260] sd 2:0:0:0: [sda] Write Protect is off
[   11.224584] sd 2:0:0:0: [sda] Incomplete mode parameter data
[   11.285829] sd 2:0:0:0: [sda] Assuming drive cache: write through
[   11.448579]  sda: sda1
[   11.506999] sd 2:0:0:0: [sda] Attached SCSI disk
Begin: Loading e[   13.026637] md: linear personality registered for level -1
ssential drivers ... [   13.039170] md: multipath personality registered for level -4
[   13.066196] md: raid0 personality registered for level 0
[   13.121443] md: raid1 personality registered for level 1
[   13.205343] raid6: sse2x1   gen()  6459 MB/s
[   13.312244] raid6: sse2x1   xor()  4402 MB/s
[   13.388160] raid6: sse2x2   gen()  8277 MB/s
[   13.484322] raid6: sse2x2   xor()  5678 MB/s
[   13.565166] raid6: sse2x4   gen() 10466 MB/s
[   13.652098] raid6: sse2x4   xor()  5576 MB/s
[   13.704021] raid6: using algorithm sse2x4 gen() 10466 MB/s
[   13.705084] raid6: .... xor() 5576 MB/s, rmw enabled
[   13.710230] raid6: using ssse3x2 recovery algorithm
[   13.712428] xor: automatically using best checksumming function:
[   13.776320]    avx       : 37968.000 MB/sec
[   13.787911] async_tx: api initialized (async)
[   13.796140] md: raid6 personality registered for level 6
[   13.854102] md: raid5 personality registered for level 5
[   13.855378] md: raid4 personality registered for level 4
[   13.874062] md: raid10 personality registered for level 10
done.
Begin: Running /scripts/init-premount ... done.
Begin: Mounting root file system ... Begin: Running /scripts/local-top ... done.
Begin: Running /scripts/local-premount ... [   13.911670] Btrfs loaded
Scanning for Btrfs filesystems
done.
Warning: fsck no[   13.986370] EXT4-fs (sda1): INFO: recovery required on readonly filesystem
t present, so skipping root file system
[   14.018321] EXT4-fs (sda1): write access will be enabled during recovery
[   14.386387] EXT4-fs (sda1): orphan cleanup on readonly fs
[   14.486230] EXT4-fs (sda1): 6 orphan inodes deleted
[   14.567743] EXT4-fs (sda1): recovery complete
[   14.619430] EXT4-fs (sda1): mounted filesystem with ordered data mode. Opts: (null)
done.
Begin: Running /scripts/local-bottom ... done.
Begin: Running /scripts/init-bot[   14.750688] random: nonblocking pool is initialized
tom ... done.
[   15.807299] systemd[1]: systemd 229 running in system mode. (+PAM +AUDIT +SELINUX +IMA +APPARMOR +SMACK +SYSVINIT +UTMP +LIBCRYPTSETUP +GCRYPT +GNUTLS +ACL +XZ -LZ4 +SECCOMP +BLKID +ELFUTILS +KMOD -IDN)
[   15.909403] systemd[1]: Detected virtualization oracle.
[   15.937520] systemd[1]: Detected architecture x86-64.

Welcome to [1mUbuntu 16.04.5 LTS[0m!

[   16.019065] systemd[1]: Set hostname to <ubuntu-xenial>.
[   18.065871] systemd[1]: Listening on Syslog Socket.
[[0;32m  OK  [0m] Listening on Syslog Socket.
[   18.105443] systemd[1]: Reached target System Time Synchronized.
[[0;32m  OK  [0m] Reached target System Time Synchronized.
[   18.116708] systemd[1]: Created slice System Slice.
[[0;32m  OK  [0m] Created slice System Slice.
[   18.136479] systemd[1]: Set up automount Arbitrary Executable File Formats File System Automount Point.
[[0;32m  OK  [0m] Set up automount Arbitrary Executab...ats File System Automount Point.
[   18.184528] systemd[1]: Reached target Swap.
[[0;32m  OK  [0m] Reached target Swap.
[   18.186386] systemd[1]: Listening on Journal Socket.
[[0;32m  OK  [0m] Listening on Journal Socket.
[   18.208199] systemd[1]: Mounting Debug File System...
         Mounting Debug File System...
[   18.222724] systemd[1]: Starting Nameserver information manager...
         Starting Nameserver information manager...
[   18.236463] systemd[1]: Started Trigger resolvconf update for networkd DNS.
[[0;32m  OK  [0m] Started Trigger resolvconf update for networkd DNS.
[   18.280955] systemd[1]: Starting Uncomplicated firewall...
         Starting Uncomplicated firewall...
[   18.328511] systemd[1]: Started Forward Password Requests to Wall Directory Watch.
[[0;32m  OK  [0m] Started Forward Password Requests to Wall Directory Watch.
[   18.468260] systemd[1]: Starting Set console keymap...
         Starting Set console keymap...
[   18.580356] systemd[1]: Listening on Journal Socket (/dev/log).
[[0;32m  OK  [0m] Listening on Journal Socket (/dev/log).
[   18.635880] systemd[1]: Listening on LVM2 metadata daemon socket.
[[0;32m  OK  [0m] Listening on LVM2 metadata daemon socket.
[   18.744309] systemd[1]: Listening on udev Control Socket.
[[0;32m  OK  [0m] Listening on udev Control Socket.
[   18.937979] systemd[1]: Starting Load Kernel Modules...
         Starting Load Kernel Modules...
[   18.991236] systemd[1]: Starting Create list of required static device nodes for the current kernel...
         Starting Create list of required st... nodes for the current kernel...
[   19.068275] systemd[1]: Starting Remount Root and Kernel File Systems...
         Starting Remount Root and Kernel File Systems...
[   19.101600] systemd[1]: Reached target User and Group Name Lookups.
[[0;32m  OK  [0m] Reached target User and Group Name Lookups.
[   19.121184] systemd[1]: Listening on /dev/initctl Compatibility Named Pipe.
[[0;32m  OK  [0m] Listening on /dev/initctl Compatibility Named Pipe.
[   19.125850] systemd[1]: Created slice system-serial\x2dgetty.slice.
[[0;32m  OK  [0m] Created slice system-serial\x2dgetty.slice.
[   19.252980] systemd[1]: Listening on LVM2 poll daemon socket.
[[0;32m  OK  [0m] Listening on LVM2 poll daemon socket.
[   19.297494] EXT4-fs (sda1): re-mounted. pts: (null)
[   19.536687] systemd[1]: Mounting POSIX Message Queue File System...
         [   19.634914] Loading iSCSI transport class v2.0-870.
Mounting POSIX Message Queue File System...
[   19.676190] systemd[1]: Mounting Huge Pages File System...
         Mounting Huge Pages File System...
[   19.704462] systemd[1]: Created slice User and Session Slice.
[[0;32m  OK  [0m] Created slice User and Session Slice.
[   19.741225] systemd[1]: Reached target Slices.
[[0;32m  OK  [0m] Reached target Slices.
[   19.744532] systemd[1]: Listening on udev Kernel Socket.
[[0;32m  OK  [0m] Listening on udev Kernel Socket.
[   19.747653] systemd[1]: Listening on Journal Audit Socket.
[[0;32m  OK  [0m] Listening on Journal Audit Socket.
[   19.812241] systemd[1]: Starting Journal Service...
         Startin[   19.846401] iscsi: registered transport (tcp)
g Journal Service...
[   19.853545] systemd[1]: Listening on Device-mapper event daemon FIFOs.
[[0;32m  OK  [0m] Listening on Device-mapper event daemon FIFOs.
[   19.866000] systemd[1]: Starting Monitoring of LVM2 mirrors, snapshots etc. using dmeventd or progress polling...
         Starting Monitoring of LVM2 mirrors... dmeventd or progress polling...
[   19.899227] systemd[1]: Reached target Encrypted Volumes.
[[0;32m  OK  [0m] Reached target Encrypted Volumes.
[   19.949074] systemd[1]: Mounted POSIX Message Queue File System.
[[0;32m  OK  [0m] Mounted POSIX Message Queue File System.
[   20.004193] systemd[1]: Mounted Debug File System.
[[0;32m  OK  [0m] Mounted Debug File System.
[   20.020164] systemd[1]: Mounted Huge Pages File System.
[[0;32m  OK  [0m] Mounted Huge Pages File System.
[   20.091202] systemd[1]: Started Uncomplicated firewall.
[[0;32m  OK  [0m] Started Uncomplicated firewall.
[   20.144346] systemd[1]: Started Set console keymap.
[[0;32m  OK  [0m] Started Set console keymap.
[   20.179224] systemd[1]: Started Create list of required static device nodes for the current kernel.
[[0;32m  OK  [0m] Started Create list of required sta...ce nodes for the current kernel.
[   20.302549] systemd[1]: Started Remount Root and Kernel File Systems.
[[0;32m  OK  [0m] Started Remount Root and Kernel File Systems.
[   20.376297] systemd[1]: Started Nameserver information manager.
[[0;32m  OK  [0m] Started Nameserver information manager.
[   20.452150] systemd[1]: Starting Load/Save Random Seed...
         Starting Load/Save Random Seed...
[   20.580396] systemd[1]: Starting udev Coldplug all Devices...
         Starting udev Coldplug all Devices...
[   20.621439] systemd[1]: Starting Create Static Device Nodes in /dev...
         Starting Create Static Device Nodes in /dev...
[   20.642427] systemd[1]: Started Load/Save Random Seed.
[[0;32m  OK  [0m] Started Load/Save Random Seed.
[   20.831031] iscsi: registered transport (iser)
[   20.861174] systemd[1]: Started Journal Service.
[[0;32m  OK  [0m] Started Journal Service.
[[0;32m  OK  [0m] Started Load Kernel Modules.
         Mounting FUSE Control File System...
         Starting Apply Kernel Variables...
         Starting Flush Journal to Persistent Storage...
[[0;32m  OK  [0m] Mounted FUSE Control File System.
[[0;32m  OK  [0m] Started udev Coldplug all Devices.
[[0;32m  OK  [0m] Started LVM2 metadata daemon.
[[0;32m  OK  [0m] Started Apply Kernel Variables.
[[0;32m  OK  [0m] Started Flush Journal to Persistent Storage.
[[0;32m  OK  [0m] Started Monitoring of LVM2 mirrors,...ng dmeventd or progress polling.
[[0;32m  OK  [0m] Started Create Static Device Nodes in /dev.
         Starting udev Kernel Device Manager...
[[0;32m  OK  [0m] Started udev Kernel Device Manager.
[[0;32m  OK  [0m] Reached target Local File Systems (Pre).
[[0;32m  OK  [0m] Reached target Local File Systems.
         Starting Set console font and keymap...
         Starting Tell Plymouth To Write Out Runtime Data...
         Starting Initial cloud-init job (pre-networking)...
         Starting Create Volatile Files and Directories...
         Starting LSB: AppArmor initialization...
[[0;32m  OK  [0m] Started Dispatch Password Requests to Console Directory Watch.
[[0;32m  OK  [0m] Started Tell Plymouth To Write Out Runtime Data.
[[0;32m  OK  [0m] Started Create Volatile Files and Directories.
         Starting Update UTMP about System Boot/Shutdown...
[[0;32m  OK  [0m] Found device /dev/ttyS0.
[[0;32m  OK  [0m] Listening on Load/Save RF Kill Switch Status /dev/rfkill Watch.
[[0;32m  OK  [0m] Found device 82540EM Gigabit Ethern...r (PRO/1000 MT Desktop Adapter).
[[0;32m  OK  [0m] Started Update UTMP about System Boot/Shutdown.
[[0;32m  OK  [0m] Started Set console font and keymap.
[[0;32m  OK  [0m] Created slice system-getty.slice.
[[0;32m  OK  [0m] Started LSB: AppArmor initialization.
[   24.114898] cloud-init[486]: Cloud-init v. 18.2 running 'init-local' at Mon, 12 Nov 2018 04:39:10 +0000. Up 23.43 seconds.
[[0;32m  OK  [0m] Started Initial cloud-init job (pre-networking).
[[0;32m  OK  [0m] Reached target Network (Pre).
         Starting Raise network interfaces...
[[0;32m  OK  [0m] Started ifup for enp0s3.
[[0;32m  OK  [0m] Started Raise network interfaces.
         Starting Initial cloud-init job (metadata service crawler)...
[[0;32m  OK  [0m] Reached target Network.
[   25.846076] cloud-init[960]: Cloud-init v. 18.2 running 'init' at Mon, 12 Nov 2018 04:39:11 +0000. Up 24.91 seconds.
[   25.868766] cloud-init[960]: ci-info: +++++++++++++++++++++++++++++++++++++Net device info++++++++++++++++++++++++++++++++++++++
[   25.872719] cloud-init[960]: ci-info: +--------+------+----------------------------+---------------+-------+-------------------+
[   25.893232] cloud-init[960]: ci-info: | Device |  Up  |          Address           |      Mask     | Scope |     Hw-Address    |
[   25.952666] cloud-init[960]: ci-info: +--------+------+----------------------------+---------------+-------+-------------------+
[[0;32m  OK  [0m] Started Initial cloud-init job (metadata service crawler).
[   25.953069] cloud-init[960]: ci-info: | enp0s3 | True |         10.0.2.15          | 255.255.255.0 |   .   | 02:17:6d:c2:33:c4 |
[   26.060050] cloud-init[960]: ci-info: | enp0s3 | True | fe80::17:6dff:fec2:33c4/64 |       .       |  link | 02:17:6d:c2:33:c4 |
[   26.063506] cloud-init[960]: ci-info: |   lo   | True |         127.0.0.1          |   255.0.0.0   |   .   |         .         |
[   26.067301] cloud-init[960]: ci-info: |   lo   | True |          ::1/128           |       .       |  host |         .         |
[   26.070181] cloud-init[960]: ci-info: +--------+------+----------------------------+---------------+-------+-------------------+
[   26.090348] cloud-init[960]: ci-info: +++++++++++++++++++++++++++Route IPv4 info++++++++++++++++++++++++++++
[[0;32m  OK  [0m] Reached target System Initialization.
[   26.091656] cloud-init[960]: ci-info: +-------+-------------+----------+---------------+-----------+-------+
[   26.129075] cloud-init[960]: ci-info: | Route | Destination | Gateway  |    Genmask    | Interface | Flags |
[[0;32m  OK  [0m] Listening on ACPID Listen Socket.
[[   26.129200] cloud-init[960]: ci-info: +-------+-------------+----------+---------------+-----------+-------+
[   26.136589] cloud-init[960]: ci-info: |   0   |   0.0.0.0   | 10.0.2.2 |    0.0.0.0    |   enp0s3  |   UG  |
[   26.136686] cloud-init[960]: ci-info: |   1   |   10.0.2.0  | 0.0.0.0  | 255.255.255.0 |   enp0s3  |   U   |
[   26.136825] cloud-init[960]: ci-info: +-------+-------------+----------+---------------+-----------+-------+
[0;32m  OK  [0m] Started Daily Cleanup of Temporary Directories.
[[0;32m  OK  [0m] Started ACPI Events Check.
[[0;32m  OK  [0m] Reached target Paths.
         Starting LXD - unix socket.
[[0;32m  OK  [0m] Listening on UUID daemon activation socket.
[[0;32m  OK  [0m] Started Daily apt download activities.
[[0;32m  OK  [0m] Listening on D-Bus System Message Bus Socket.
         Starting Socket activation for snappy daemon.
[[0;32m  OK  [0m] Started Daily apt upgrade and clean activities.
[[0;32m  OK  [0m] Reached target Timers.
[[0;32m  OK  [0m] Reached target Cloud-config availability.
[[0;32m  OK  [0m] Reached target Network is Online.
         Starting iSCSI initiator daemon (iscsid)...
[[0;32m  OK  [0m] Listening on LXD - unix socket.
[[0;32m  OK  [0m] Listening on Socket activation for snappy daemon.
[[0;32m  OK  [0m] Reached target Sockets.
[[0;32m  OK  [0m] Reached target Basic System.
[[0;32m  OK  [0m] Started ACPI event daemon.
[[0;32m  OK  [0m] Started Regular background program processing daemon.
         Starting /etc/rc.local Compatibility...
[[0;32m  OK  [0m] Started D-Bus System Message Bus.
[[0;32m  OK  [0m] Started Deferred execution scheduler.
         Starting LSB: Record successful boot for GRUB...
         Starting A high performance web server and a reverse proxy server...
         Starting MySQL Community Server...
         Starting Virtualbox guest utils...
         Starting The PHP 7.0 FastCGI Process Manager...
[[0;32m  OK  [0m] Started FUSE filesystem for LXC.
         Starting Apply the settings specified in cloud-config...
         Starting System Logging Service...
         Starting Accounts Service...
         Starting LXD - container startup/shutdown...
[[0;32m  OK  [0m] Started Unattended Upgrades Shutdown.
         Starting OpenBSD Secure Shell server...
         Starting LSB: MD monitoring daemon...
         Starting Snappy daemon...
         Starting Login Service...
[[0;32m  OK  [0m] Started /etc/rc.local Compatibility.
[   27.936341] cloud-init[1041]: Cloud-init v. 18.2 running 'modules:config' at Mon, 12 Nov 2018 04:39:14 +0000. Up 27.40 seconds.
[[0;32m  OK  [0m] Started System Logging Service.
[[0;32m  OK  [0m] Started Apply the settings specified in cloud-config.
[[0;32m  OK  [0m] Started iSCSI initiator daemon (iscsid).
         Starting Login to default iSCSI targets...
[[0;32m  OK  [0m] Started LSB: Record successful boot for GRUB.
[[0;32m  OK  [0m] Started Login Service.
[[0;32m  OK  [0m] Started LSB: MD monitoring daemon.
[[0;32m  OK  [0m] Started Login to default iSCSI targets.
[[0;32m  OK  [0m] Reached target Remote File Systems (Pre).
[[0;32m  OK  [0m] Reached target Remote File Systems.
         Starting LSB: daemon to balance interrupts for SMP systems...
         Starting Permit User Sessions...
         Starting LSB: Set the CPU Frequency Scaling governor to "ondemand"...
         Starting LSB: automatic crash report generation...
[[0;32m  OK  [0m] Started Permit User Sessions.
[[0;32m  OK  [0m] Started LSB: Set the CPU Frequency Scaling governor to "ondemand".
         Starting Terminate Plymouth Boot Screen...
         Starting Hold until boot process finishes up...
[[0;32m  OK  [0m] Started Terminate Plymouth Boot Screen.
[[0;32m  OK  [0m] Started Hold until boot process finishes up.
[[0;32m  OK  [0m] Started Getty on tty1.
[[0;32m  OK  [0m] Started Serial Getty on ttyS0.
[[0;32m  OK  [0m] Reached target Login Prompts.
         Starting Set console scheme...
[[0;32m  OK  [0m] Started LSB: automatic crash report generation.
[[0;32m  OK  [0m] Started Set console scheme.
[[0;32m  OK  [0m] Started OpenBSD Secure Shell server.
[[0;32m  OK  [0m] Started Virtualbox guest utils.
[[0;32m  OK  [0m] Started LSB: daemon to balance interrupts for SMP systems.
         Starting Authenticate and Authorize Users to Run Privileged Tasks...
[[0;32m  OK  [0m] Started A high performance web server and a reverse proxy server.
[[0;32m  OK  [0m] Created slice User Slice of vagrant.
         Starting User Manager for UID 1000...
[[0;32m  OK  [0m] Started Session 1 of user vagrant.
[[0;32m  OK  [0m] Started Authenticate and Authorize Users to Run Privileged Tasks.
[[0;32m  OK  [0m] Started Accounts Service.
[[0;32m  OK  [0m] Started User Manager for UID 1000.

Ubuntu 16.04.5 LTS ubuntu-xenial ttyS0

ubuntu-xenial login: [   46.063903] cloud-init[1561]: Cloud-init v. 18.2 running 'modules:final' at Mon, 12 Nov 2018 04:39:32 +0000. Up 45.89 seconds.
[   46.064512] cloud-init[1561]: Cloud-init v. 18.2 finished at Mon, 12 Nov 2018 04:39:33 +0000. Datasource DataSourceNoCloud [seed=/dev/sdb][dsmode=net].  Up 46.05 seconds
